<?xml version="1.0" encoding="UTF-8"?>
<robot generator="Robot 7.2 (Python 3.11.5 on win32)" generated="2025-03-25T17:38:00.918042" rpa="false" schemaversion="5">
<suite id="s1" name="03-ImportarPayout" source="C:\Users\USUARIO\PycharmProjects\PythonProject\FlujoPayoutPorCorte\03-ImportarPayout.robot">
<test id="s1-t1" name="Iniciar sesión, y aprobar payout" line="118">
<kw name="Abrir Página de Login">
<kw name="Open Browser" owner="SeleniumLibrary">
<msg time="2025-03-25T17:38:02.155225" level="INFO">Opening browser 'Chrome' to base url 'https://q2-kcms.kashio-dev.net/'.</msg>
<arg>${URL}</arg>
<arg>${BROWSER}</arg>
<doc>Opens a new browser instance to the optional ``url``.</doc>
<status status="PASS" start="2025-03-25T17:38:02.154225" elapsed="8.838334"/>
</kw>
<kw name="Maximize Browser Window" owner="SeleniumLibrary">
<doc>Maximizes current browser window.</doc>
<status status="PASS" start="2025-03-25T17:38:10.992559" elapsed="0.070896"/>
</kw>
<kw name="Wait Until Page Contains" owner="SeleniumLibrary">
<arg>Login</arg>
<arg>timeout=20s</arg>
<doc>Waits until ``text`` appears on the current page.</doc>
<status status="PASS" start="2025-03-25T17:38:11.063991" elapsed="2.681476"/>
</kw>
<doc>Abre el navegador y navega a la página de login.</doc>
<status status="PASS" start="2025-03-25T17:38:02.152229" elapsed="11.593238"/>
</kw>
<kw name="Ingresar Credenciales">
<kw name="Wait Until Element Is Visible" owner="SeleniumLibrary">
<arg>id=email-input</arg>
<arg>timeout=10s</arg>
<doc>Waits until the element ``locator`` is visible.</doc>
<status status="PASS" start="2025-03-25T17:38:13.747467" elapsed="0.132529"/>
</kw>
<kw name="Input Text" owner="SeleniumLibrary">
<msg time="2025-03-25T17:38:13.880994" level="INFO">Typing text 'juan.Q2.PAYOUT.08042023-2573@kashio.net' into text field 'id=email-input'.</msg>
<arg>id=email-input</arg>
<arg>${username}</arg>
<doc>Types the given ``text`` into the text field identified by ``locator``.</doc>
<status status="PASS" start="2025-03-25T17:38:13.880994" elapsed="0.269630"/>
</kw>
<kw name="Input Text" owner="SeleniumLibrary">
<msg time="2025-03-25T17:38:14.150624" level="INFO">Typing text 'Kashio2020+' into text field 'id=password-input'.</msg>
<arg>id=password-input</arg>
<arg>${password}</arg>
<doc>Types the given ``text`` into the text field identified by ``locator``.</doc>
<status status="PASS" start="2025-03-25T17:38:14.150624" elapsed="0.139292"/>
</kw>
<arg>${USER}</arg>
<arg>${PASSWORD}</arg>
<doc>Ingresa las credenciales en los campos correspondientes.</doc>
<status status="PASS" start="2025-03-25T17:38:13.746466" elapsed="0.543450"/>
</kw>
<kw name="Hacer Clic en Login">
<kw name="Wait Until Element Is Visible" owner="SeleniumLibrary">
<arg>id=${LOGIN_BUTTON_ID}</arg>
<arg>timeout=10s</arg>
<doc>Waits until the element ``locator`` is visible.</doc>
<status status="PASS" start="2025-03-25T17:38:14.293915" elapsed="0.024149"/>
</kw>
<kw name="Click Button" owner="SeleniumLibrary">
<msg time="2025-03-25T17:38:14.319063" level="INFO">Clicking button 'id=login-submit-button'.</msg>
<arg>id=${LOGIN_BUTTON_ID}</arg>
<doc>Clicks the button identified by ``locator``.</doc>
<status status="PASS" start="2025-03-25T17:38:14.319063" elapsed="0.145353"/>
</kw>
<doc>Hace clic en el botón de iniciar sesión.</doc>
<status status="PASS" start="2025-03-25T17:38:14.293915" elapsed="0.170501"/>
</kw>
<kw name="Esperar a que Cargue el Home">
<kw name="Sleep" owner="BuiltIn">
<msg time="2025-03-25T17:38:24.467834" level="INFO">Slept 10 seconds.</msg>
<arg>${HOME_WAIT_TIME}</arg>
<doc>Pauses the test executed for the given time.</doc>
<status status="PASS" start="2025-03-25T17:38:14.466414" elapsed="10.001420"/>
</kw>
<doc>Espera 10 segundos para asegurarse de que la página de inicio se haya cargado completamente.</doc>
<status status="PASS" start="2025-03-25T17:38:14.465414" elapsed="10.003431"/>
</kw>
<kw name="Hacer Clic en Pagos Masivos">
<kw name="Wait Until Element Is Visible" owner="SeleniumLibrary">
<msg time="2025-03-25T17:38:24.559827" level="WARN">Keyword 'Capture Page Screenshot' could not be run on failure: Message: invalid session id
Stacktrace:
	GetHandleVerifier [0x00007FF610804C25+3179557]
	(No symbol) [0x00007FF6104688A0]
	(No symbol) [0x00007FF6102F8FFC]
	(No symbol) [0x00007FF61033F8DF]
	(No symbol) [0x00007FF610377AF2]
	(No symbol) [0x00007FF61037244E]
	(No symbol) [0x00007FF6103714F9]
	(No symbol) [0x00007FF6102C55E5]
	GetHandleVerifier [0x00007FF6108667CD+3579853]
	GetHandleVerifier [0x00007FF61087D1D2+3672530]
	GetHandleVerifier [0x00007FF610872153+3627347]
	GetHandleVerifier [0x00007FF6105D092A+868650]
	(No symbol) [0x00007FF610472FFF]
	(No symbol) [0x00007FF6102C41FF]
	GetHandleVerifier [0x00007FF6108EFA28+4141608]
	BaseThreadInitThunk [0x00007FFDF3C1E8D7+23]
	RtlUserThreadStart [0x00007FFDF4C7BF6C+44]
</msg>
<msg time="2025-03-25T17:38:24.561847" level="FAIL">InvalidSessionIdException: Message: invalid session id: session deleted as the browser has closed the connection
from disconnected: not connected to DevTools
  (Session info: chrome=134.0.6998.118)
Stacktrace:
	GetHandleVerifier [0x00007FF610804C25+3179557]
	(No symbol) [0x00007FF6104688A0]
	(No symbol) [0x00007FF6102F91CA]
	(No symbol) [0x00007FF6102E4F85]
	(No symbol) [0x00007FF610309F94]
	(No symbol) [0x00007FF61037F9DF]
	(No symbol) [0x00007FF61039FBE2]
	(No symbol) [0x00007FF610377A03]
	(No symbol) [0x00007FF6103406D0]
	(No symbol) [0x00007FF610341983]
	GetHandleVerifier [0x00007FF6108667CD+3579853]
	GetHandleVerifier [0x00007FF61087D1D2+3672530]
	GetHandleVerifier [0x00007FF610872153+3627347]
	GetHandleVerifier [0x00007FF6105D092A+868650]
	(No symbol) [0x00007FF610472FFF]
	(No symbol) [0x00007FF61046F4A4]
	(No symbol) [0x00007FF61046F646]
	(No symbol) [0x00007FF61045EAA9]
	BaseThreadInitThunk [0x00007FFDF3C1E8D7+23]
	RtlUserThreadStart [0x00007FFDF4C7BF6C+44]
</msg>
<arg>xpath=//span[@class='${NAV_TITLE_CLASS}' and text()='${NAV_TITLE_TEXT}']</arg>
<arg>timeout=10s</arg>
<doc>Waits until the element ``locator`` is visible.</doc>
<status status="FAIL" start="2025-03-25T17:38:24.469846" elapsed="0.102892">InvalidSessionIdException: Message: invalid session id: session deleted as the browser has closed the connection
from disconnected: not connected to DevTools
  (Session info: chrome=134.0.6998.118)
Stacktrace:
	GetHandleVerifier [0x00007FF610804C25+3179557]
	(No symbol) [0x00007FF6104688A0]
	(No symbol) [0x00007FF6102F91CA]
	(No symbol) [0x00007FF6102E4F85]
	(No symbol) [0x00007FF610309F94]
	(No symbol) [0x00007FF61037F9DF]
	(No symbol) [0x00007FF61039FBE2]
	(No symbol) [0x00007FF610377A03]
	(No symbol) [0x00007FF6103406D0]
	(No symbol) [0x00007FF610341983]
	GetHandleVerifier [0x00007FF6108667CD+3579853]
	GetHandleVerifier [0x00007FF61087D1D2+3672530]
	GetHandleVerifier [0x00007FF610872153+3627347]
	GetHandleVerifier [0x00007FF6105D092A+868650]
	(No symbol) [0x00007FF610472FFF]
	(No symbol) [0x00007FF61046F4A4]
	(No symbol) [0x00007FF61046F646]
	(No symbol) [0x00007FF61045EAA9]
	BaseThreadInitThunk [0x00007FFDF3C1E8D7+23]
	RtlUserThreadStart [0x00007FFDF4C7BF6C+44]
</status>
</kw>
<kw name="Click Element" owner="SeleniumLibrary">
<arg>xpath=//span[@class='${NAV_TITLE_CLASS}' and text()='${NAV_TITLE_TEXT}']</arg>
<doc>Click the element identified by ``locator``.</doc>
<status status="NOT RUN" start="2025-03-25T17:38:24.573048" elapsed="0.000000"/>
</kw>
<doc>Hace clic en el &lt;span&gt; con la clase 'nav-title' que contiene el texto 'Pagos Masivos'.</doc>
<status status="FAIL" start="2025-03-25T17:38:24.469846" elapsed="0.103516">InvalidSessionIdException: Message: invalid session id: session deleted as the browser has closed the connection
from disconnected: not connected to DevTools
  (Session info: chrome=134.0.6998.118)
Stacktrace:
	GetHandleVerifier [0x00007FF610804C25+3179557]
	(No symbol) [0x00007FF6104688A0]
	(No symbol) [0x00007FF6102F91CA]
	(No symbol) [0x00007FF6102E4F85]
	(No symbol) [0x00007FF610309F94]
	(No symbol) [0x00007FF61037F9DF]
	(No symbol) [0x00007FF61039FBE2]
	(No symbol) [0x00007FF610377A03]
	(No symbol) [0x00007FF6103406D0]
	(No symbol) [0x00007FF610341983]
	GetHandleVerifier [0x00007FF6108667CD+3579853]
	GetHandleVerifier [0x00007FF61087D1D2+3672530]
	GetHandleVerifier [0x00007FF610872153+3627347]
	GetHandleVerifier [0x00007FF6105D092A+868650]
	(No symbol) [0x00007FF610472FFF]
	(No symbol) [0x00007FF61046F4A4]
	(No symbol) [0x00007FF61046F646]
	(No symbol) [0x00007FF61045EAA9]
	BaseThreadInitThunk [0x00007FFDF3C1E8D7+23]
	RtlUserThreadStart [0x00007FFDF4C7BF6C+44]
</status>
</kw>
<kw name="Esperar a que Cargue la Página">
<doc>Espera a que la página de pagos haya cargado completamente.</doc>
<status status="NOT RUN" start="2025-03-25T17:38:24.574293" elapsed="0.000000"/>
</kw>
<kw name="Hacer Clic en Enlace de Pagos (Lista)">
<doc>Hace clic en el enlace &lt;a href="/payout_process/list"&gt; que contiene el texto "Lista".</doc>
<status status="NOT RUN" start="2025-03-25T17:38:24.575094" elapsed="0.000000"/>
</kw>
<kw name="Hacer Clic en Botón Importar">
<status status="NOT RUN" start="2025-03-25T17:38:24.575717" elapsed="0.000000"/>
</kw>
<kw name="Hacer Clic en Seleccione">
<status status="NOT RUN" start="2025-03-25T17:38:24.576025" elapsed="0.000000"/>
</kw>
<kw name="Seleccionar Opcion 2">
<status status="NOT RUN" start="2025-03-25T17:38:24.576358" elapsed="0.000000"/>
</kw>
<kw name="Cargar Archivo">
<doc>Carga el archivo especificado en el campo de entrada de archivo.</doc>
<status status="NOT RUN" start="2025-03-25T17:38:24.576659" elapsed="0.000000"/>
</kw>
<kw name="Hacer Clic en Próximo">
<status status="NOT RUN" start="2025-03-25T17:38:24.576659" elapsed="0.000000"/>
</kw>
<kw name="Hacer Clic en Botón Confirmar">
<status status="NOT RUN" start="2025-03-25T17:38:24.577045" elapsed="0.000000"/>
</kw>
<kw name="Hacer Clic en Botón Detalle de Pago">
<status status="NOT RUN" start="2025-03-25T17:38:24.577399" elapsed="0.000000"/>
</kw>
<kw name="Clic en Aprobar KCMS">
<doc>Espera 4 segundos y luego hace clic en el botón de aprobar.</doc>
<status status="NOT RUN" start="2025-03-25T17:38:24.577731" elapsed="0.000000"/>
</kw>
<kw name="Mantener Ventana Abierta">
<doc>Mantiene la ventana abierta durante 3 segundos para observación.</doc>
<status status="NOT RUN" start="2025-03-25T17:38:24.577731" elapsed="0.000355"/>
</kw>
<kw name="Cerrar Navegador">
<doc>Cierra el navegador después de completar las pruebas.</doc>
<status status="NOT RUN" start="2025-03-25T17:38:24.578395" elapsed="0.000000"/>
</kw>
<doc>Flujo completo de login, navegación y confirmación de un payout.</doc>
<status status="FAIL" start="2025-03-25T17:38:02.150227" elapsed="22.428484">InvalidSessionIdException: Message: invalid session id: session deleted as the browser has closed the connection
from disconnected: not connected to DevTools
  (Session info: chrome=134.0.6998.118)
Stacktrace:
	GetHandleVerifier [0x00007FF610804C25+3179557]
	(No symbol) [0x00007FF6104688A0]
	(No symbol) [0x00007FF6102F91CA]
	(No symbol) [0x00007FF6102E4F85]
	(No symbol) [0x00007FF610309F94]
	(No symbol) [0x00007FF61037F9DF]
	(No symbol) [0x00007FF61039FBE2]
	(No symbol) [0x00007FF610377A03]
	(No symbol) [0x00007FF6103406D0]
	(No symbol) [0x00007FF610341983]
	GetHandleVerifier [0x00007FF6108667CD+3579853]
	GetHandleVerifier [0x00007FF61087D1D2+3672530]
	GetHandleVerifier [0x00007FF610872153+3627347]
	GetHandleVerifier [0x00007FF6105D092A+868650]
	(No symbol) [0x00007FF610472FFF]
	(No symbol) [0x00007FF61046F4A4]
	(No symbol) [0x00007FF61046F646]
	(No symbol) [0x00007FF61045EAA9]
	BaseThreadInitThunk [0x00007FFDF3C1E8D7+23]
	RtlUserThreadStart [0x00007FFDF4C7BF6C+44]
</status>
</test>
<status status="FAIL" start="2025-03-25T17:38:00.924042" elapsed="23.655967"/>
</suite>
<statistics>
<total>
<stat pass="0" fail="1" skip="0">All Tests</stat>
</total>
<tag>
</tag>
<suite>
<stat name="03-ImportarPayout" id="s1" pass="0" fail="1" skip="0">03-ImportarPayout</stat>
</suite>
</statistics>
<errors>
<msg time="2025-03-25T17:38:24.559827" level="WARN">Keyword 'Capture Page Screenshot' could not be run on failure: Message: invalid session id
Stacktrace:
	GetHandleVerifier [0x00007FF610804C25+3179557]
	(No symbol) [0x00007FF6104688A0]
	(No symbol) [0x00007FF6102F8FFC]
	(No symbol) [0x00007FF61033F8DF]
	(No symbol) [0x00007FF610377AF2]
	(No symbol) [0x00007FF61037244E]
	(No symbol) [0x00007FF6103714F9]
	(No symbol) [0x00007FF6102C55E5]
	GetHandleVerifier [0x00007FF6108667CD+3579853]
	GetHandleVerifier [0x00007FF61087D1D2+3672530]
	GetHandleVerifier [0x00007FF610872153+3627347]
	GetHandleVerifier [0x00007FF6105D092A+868650]
	(No symbol) [0x00007FF610472FFF]
	(No symbol) [0x00007FF6102C41FF]
	GetHandleVerifier [0x00007FF6108EFA28+4141608]
	BaseThreadInitThunk [0x00007FFDF3C1E8D7+23]
	RtlUserThreadStart [0x00007FFDF4C7BF6C+44]
</msg>
</errors>
</robot>
